#
# There is insufficient memory for the Java Runtime Environment to continue.
# Native memory allocation (malloc) failed to allocate 1056960 bytes for Chunk::new
# Possible reasons:
#   The system is out of physical RAM or swap space
#   In 32 bit mode, the process size limit was hit
# Possible solutions:
#   Reduce memory load on the system
#   Increase physical memory or swap space
#   Check if swap backing store is full
#   Use 64 bit Java on a 64 bit OS
#   Decrease Java heap size (-Xmx/-Xms)
#   Decrease number of Java threads
#   Decrease Java thread stack sizes (-Xss)
#   Set larger code cache with -XX:ReservedCodeCacheSize=
# This output file may be truncated or incomplete.
#
#  Out of Memory Error (allocation.cpp:390), pid=3924, tid=0x0000000000006058
#
# JRE version: OpenJDK Runtime Environment (8.0_152-b02) (build 1.8.0_152-release-1024-b02)
# Java VM: OpenJDK 64-Bit Server VM (25.152-b02 mixed mode windows-amd64 compressed oops)
# Failed to write core dump. Minidumps are not enabled by default on client versions of Windows
#

---------------  T H R E A D  ---------------

Current thread (0x0000000016848800):  JavaThread "C2 CompilerThread0" daemon [_thread_in_native, id=24664, stack(0x0000000018ed0000,0x0000000018fd0000)]

Stack: [0x0000000018ed0000,0x0000000018fd0000]
[error occurred during error reporting (printing stack bounds), id 0xc0000005]

Native frames: (J=compiled Java code, j=interpreted, Vv=VM code, C=native code)


Current CompileTask:
C2: 218362 17032       4       com.android.tools.r8.ir.conversion.JarSourceCode::buildInstruction (99 bytes)


---------------  P R O C E S S  ---------------

Java Threads: ( => current thread )
  0x000000001eacd000 JavaThread "pool-19-thread-2" [_thread_in_Java, id=18468, stack(0x0000000035c40000,0x0000000035d40000)]
  0x000000001eaca000 JavaThread "pool-19-thread-1" [_thread_in_Java, id=8796, stack(0x0000000035b40000,0x0000000035c40000)]
  0x000000001eac9000 JavaThread "pool-18-thread-2" [_thread_in_Java, id=11912, stack(0x0000000035a40000,0x0000000035b40000)]
  0x000000001eacb800 JavaThread "pool-18-thread-1" [_thread_in_Java, id=17880, stack(0x0000000035940000,0x0000000035a40000)]
  0x000000001e9af000 JavaThread "ForkJoinPool.commonPool-worker-2" daemon [_thread_blocked, id=13968, stack(0x0000000034440000,0x0000000034540000)]
  0x000000001dc19800 JavaThread "ForkJoinPool.commonPool-worker-1" daemon [_thread_in_native, id=8240, stack(0x0000000034340000,0x0000000034440000)]
  0x000000001dc18000 JavaThread "ForkJoinPool.commonPool-worker-0" daemon [_thread_in_native, id=13164, stack(0x0000000034240000,0x0000000034340000)]
  0x000000001dc14000 JavaThread "ForkJoinPool.commonPool-worker-7" daemon [_thread_blocked, id=27416, stack(0x0000000034140000,0x0000000034240000)]
  0x000000001dc15800 JavaThread "ForkJoinPool.commonPool-worker-6" daemon [_thread_in_native, id=26820, stack(0x0000000034040000,0x0000000034140000)]
  0x000000001dc0c000 JavaThread "ForkJoinPool.commonPool-worker-4" daemon [_thread_in_native, id=14456, stack(0x0000000033e40000,0x0000000033f40000)]
  0x000000001dc12000 JavaThread "ForkJoinPool.commonPool-worker-3" daemon [_thread_in_native, id=17656, stack(0x0000000033d40000,0x0000000033e40000)]
  0x000000001dc0a800 JavaThread "Cache worker for Java compile cache (C:\Users\M\Desktop\MyDays_Project\MyDays\.gradle\4.4\javaCompile)" [_thread_blocked, id=9528, stack(0x0000000032140000,0x0000000032240000)]
  0x000000001dc11000 JavaThread "Task worker for ':' Thread 7" [_thread_blocked, id=14188, stack(0x0000000030740000,0x0000000030840000)]
  0x000000001dc10800 JavaThread "Task worker for ':' Thread 6" [_thread_blocked, id=16724, stack(0x0000000030640000,0x0000000030740000)]
  0x000000001dc0f800 JavaThread "Task worker for ':' Thread 5" [_thread_blocked, id=23972, stack(0x0000000030540000,0x0000000030640000)]
  0x000000001dc0f000 JavaThread "Task worker for ':' Thread 4" [_thread_blocked, id=12912, stack(0x0000000030440000,0x0000000030540000)]
  0x000000001dc0e000 JavaThread "Task worker for ':' Thread 3" [_thread_blocked, id=25500, stack(0x0000000030340000,0x0000000030440000)]
  0x000000001dc0d800 JavaThread "Task worker for ':' Thread 2" [_thread_blocked, id=22188, stack(0x0000000030240000,0x0000000030340000)]
  0x000000001dc0c800 JavaThread "Task worker for ':'" [_thread_blocked, id=20680, stack(0x0000000030140000,0x0000000030240000)]
  0x000000001f7a6800 JavaThread "Cache worker for Build Output Cleanup Cache (C:\Users\M\Desktop\MyDays_Project\MyDays\.gradle\buildOutputCleanup)" [_thread_blocked, id=13880, stack(0x0000000030040000,0x0000000030140000)]
  0x000000001f7a5800 JavaThread "Cache worker for task history cache (C:\Users\M\Desktop\MyDays_Project\MyDays\.gradle\4.4\taskHistory)" [_thread_blocked, id=26828, stack(0x000000002ff40000,0x0000000030040000)]
  0x000000001f7a5000 JavaThread "Cache worker for file content cache (C:\Users\M\Desktop\MyDays_Project\MyDays\.gradle\4.4\fileContent)" [_thread_blocked, id=22384, stack(0x000000002fe40000,0x000000002ff40000)]
  0x000000001f7a0800 JavaThread "build operations Thread 8" [_thread_blocked, id=21944, stack(0x000000002fd40000,0x000000002fe40000)]
  0x000000001f7a3800 JavaThread "build operations Thread 7" [_thread_blocked, id=12152, stack(0x000000002fc40000,0x000000002fd40000)]
  0x000000001f7a2800 JavaThread "build operations Thread 6" [_thread_blocked, id=22764, stack(0x000000002fb40000,0x000000002fc40000)]
  0x000000001f7a7000 JavaThread "build operations Thread 5" [_thread_blocked, id=26456, stack(0x000000002fa40000,0x000000002fb40000)]
  0x000000001f7a2000 JavaThread "build operations Thread 4" [_thread_blocked, id=10484, stack(0x000000002f940000,0x000000002fa40000)]
  0x000000001f7a4000 JavaThread "build operations Thread 3" [_thread_blocked, id=18332, stack(0x000000002f840000,0x000000002f940000)]
  0x000000001f799000 JavaThread "build operations Thread 2" [_thread_blocked, id=23632, stack(0x000000002f740000,0x000000002f840000)]
  0x000000001f799800 JavaThread "build operations" [_thread_blocked, id=14560, stack(0x000000002f640000,0x000000002f740000)]
  0x000000001f79e000 JavaThread "Cache worker for Artifact transforms cache (C:\Users\M\.gradle\caches\transforms-1)" [_thread_blocked, id=8920, stack(0x000000002f540000,0x000000002f640000)]
  0x000000001f79d800 JavaThread "Cache worker for file hash cache (C:\Users\M\Desktop\MyDays_Project\MyDays\.gradle\4.4\fileHashes)" [_thread_blocked, id=24084, stack(0x000000002f440000,0x000000002f540000)]
  0x000000001f79c800 JavaThread "Asynchronous log dispatcher for DefaultDaemonConnection: socket connection from /127.0.0.1:56013 to /127.0.0.1:56057" [_thread_blocked, id=25972, stack(0x000000002f240000,0x000000002f340000)]
  0x000000001f79a800 JavaThread "Daemon worker Thread 2" [_thread_blocked, id=27508, stack(0x000000002f140000,0x000000002f240000)]
  0x000000001f79b000 JavaThread "Cancel handler" [_thread_blocked, id=15140, stack(0x000000002f040000,0x000000002f140000)]
  0x000000001f79c000 JavaThread "Handler for socket connection from /127.0.0.1:56013 to /127.0.0.1:56057" [_thread_in_native, id=13536, stack(0x000000002ef40000,0x000000002f040000)]
  0x000000001f798000 JavaThread "Daemon Thread 2" [_thread_blocked, id=27580, stack(0x000000002ee40000,0x000000002ef40000)]
  0x000000001f7a1000 JavaThread "Java2D Disposer" daemon [_thread_blocked, id=13508, stack(0x000000002ac40000,0x000000002ad40000)]
  0x000000001dc0b000 JavaThread "Memory manager" [_thread_blocked, id=25056, stack(0x0000000021c90000,0x0000000021d90000)]
  0x000000001a6ad000 JavaThread "File lock request listener" [_thread_in_native, id=12580, stack(0x000000001bd80000,0x000000001be80000)]
  0x000000001a70a800 JavaThread "Cache worker for file hash cache (C:\Users\M\.gradle\caches\4.4\fileHashes)" [_thread_blocked, id=9820, stack(0x000000001bc80000,0x000000001bd80000)]
  0x000000001a772000 JavaThread "Daemon periodic checks" [_thread_blocked, id=6996, stack(0x000000001b080000,0x000000001b180000)]
  0x000000001a793800 JavaThread "Incoming local TCP Connector on port 56013" [_thread_in_native, id=23292, stack(0x000000001aea0000,0x000000001afa0000)]
  0x0000000018868000 JavaThread "Service Thread" daemon [_thread_blocked, id=13400, stack(0x00000000192d0000,0x00000000193d0000)]
  0x00000000187d6800 JavaThread "C1 CompilerThread3" daemon [_thread_in_vm, id=18864, stack(0x00000000191d0000,0x00000000192d0000)]
  0x00000000187d2800 JavaThread "C2 CompilerThread2" daemon [_thread_in_native, id=18272, stack(0x00000000190d0000,0x00000000191d0000)]
  0x00000000187d1000 JavaThread "C2 CompilerThread1" daemon [_thread_in_native, id=20636, stack(0x0000000018fd0000,0x00000000190d0000)]
=>0x0000000016848800 JavaThread "C2 CompilerThread0" daemon [_thread_in_native, id=24664, stack(0x0000000018ed0000,0x0000000018fd0000)]
  0x00000000187d0800 JavaThread "Attach Listener" daemon [_thread_blocked, id=18348, stack(0x0000000018dd0000,0x0000000018ed0000)]
  0x000000001877d800 JavaThread "Signal Dispatcher" daemon [_thread_blocked, id=26412, stack(0x0000000018cd0000,0x0000000018dd0000)]
  0x0000000002a7e800 JavaThread "Finalizer" daemon [_thread_blocked, id=20540, stack(0x0000000018b40000,0x0000000018c40000)]
  0x0000000002a77000 JavaThread "Reference Handler" daemon [_thread_blocked, id=20752, stack(0x0000000018640000,0x0000000018740000)]
  0x0000000000d2e000 JavaThread "main" [_thread_blocked, id=8460, stack(0x0000000002880000,0x0000000002980000)]

Other Threads:
  0x0000000016837800 VMThread [stack: 0x0000000018540000,0x0000000018640000] [id=17116]
  0x0000000018869000 WatcherThread [stack: 0x00000000193d0000,0x00000000194d0000] [id=20664]

VM state:not at safepoint (normal execution)

VM Mutex/Monitor currently owned by a thread:  ([mutex/lock_event])
[0x0000000000d2c480] CodeCache_lock - owner thread: 0x0000000000000000

Heap:
 PSYoungGen      total 295424K, used 86959K [0x00000000e0000000, 0x00000000f5500000, 0x0000000100000000)
  eden space 270336K, 29% used [0x00000000e0000000,0x00000000e4d80a38,0x00000000f0800000)
  from space 25088K, 30% used [0x00000000f0800000,0x00000000f0f6b2b0,0x00000000f2080000)
  to   space 24576K, 0% used [0x00000000f3d00000,0x00000000f3d00000,0x00000000f5500000)
 ParOldGen       total 235520K, used 78938K [0x00000000a0000000, 0x00000000ae600000, 0x00000000e0000000)
  object space 235520K, 33% used [0x00000000a0000000,0x00000000a4d168c0,0x00000000ae600000)
 Metaspace       used 101433K, capacity 106402K, committed 106456K, reserved 1142784K
  class space    used 13026K, capacity 14058K, committed 14080K, reserved 1048576K

Card table byte_map: [0x0000000011e40000,0x0000000012150000] byte_map_base: 0x0000000011940000

Marking Bits: (ParMarkBitMap*) 0x000000005a714970
 Begin Bits: [0x0000000012b50000, 0x0000000014350000)
 End Bits:   [0x0000000014350000, 0x0000000015b50000)

Polling page: 0x00000000008d0000

CodeCache: size=245760Kb used=49704Kb max_used=50253Kb free=196055Kb
 bounds [0x0000000002a80000, 0x0000000005be0000, 0x0000000011a80000]
 total_blobs=15993 nmethods=15027 adapters=876
 compilation: enabled

Compilation events (10 events):
Event: 218.293 Thread 0x00000000187d1000 nmethod 17250 0x00000000056c8c10 code [0x00000000056c8da0, 0x00000000056c9098]
Event: 218.294 Thread 0x00000000187d1000 17192       4       com.android.tools.r8.it.unimi.dsi.fastutil.ints.Int2ReferenceAVLTreeMap$Submap::<init> (101 bytes)
Event: 218.295 Thread 0x00000000187d6800 18819       3       com.android.tools.r8.it.unimi.dsi.fastutil.ints.Int2ObjectOpenHashMap::containsKey (70 bytes)
Event: 218.296 Thread 0x00000000187d6800 nmethod 18819 0x00000000055c4810 code [0x00000000055c49a0, 0x00000000055c4d70]
Event: 218.296 Thread 0x00000000187d1000 nmethod 17192 0x0000000005839710 code [0x0000000005839860, 0x0000000005839998]
Event: 218.296 Thread 0x00000000187d1000 16552       4       com.android.tools.r8.ir.conversion.DexBuilder::isNonMaterializingConstNumber (33 bytes)
Event: 218.298 Thread 0x00000000187d1000 nmethod 16552 0x000000000585a4d0 code [0x000000000585a620, 0x000000000585a718]
Event: 218.298 Thread 0x00000000187d1000 17278       4       com.android.tools.r8.ir.code.BasicBlock::writeCurrentDefinition (87 bytes)
Event: 218.305 Thread 0x00000000187d6800 18820       3       com.android.tools.r8.graph.DebugLocalInfo::endingLocals (90 bytes)
Event: 218.306 Thread 0x00000000187d6800 nmethod 18820 0x000000000570f390 code [0x000000000570f5e0, 0x0000000005710378]

GC Heap History (10 events):
Event: 212.378 GC heap before
{Heap before GC invocations=25 (full 3):
 PSYoungGen      total 251904K, used 148100K [0x00000000e0000000, 0x00000000f1e80000, 0x0000000100000000)
  eden space 227840K, 58% used [0x00000000e0000000,0x00000000e8178570,0x00000000ede80000)
  from space 24064K, 64% used [0x00000000ede80000,0x00000000eeda8ba0,0x00000000ef600000)
  to   space 24064K, 0% used [0x00000000f0700000,0x00000000f0700000,0x00000000f1e80000)
 ParOldGen       total 149504K, used 74117K [0x00000000a0000000, 0x00000000a9200000, 0x00000000e0000000)
  object space 149504K, 49% used [0x00000000a0000000,0x00000000a4861658,0x00000000a9200000)
 Metaspace       used 93947K, capacity 98222K, committed 98264K, reserved 1134592K
  class space    used 12128K, capacity 13042K, committed 13056K, reserved 1048576K
Event: 212.401 GC heap after
Heap after GC invocations=25 (full 3):
 PSYoungGen      total 266240K, used 21883K [0x00000000e0000000, 0x00000000f1f80000, 0x0000000100000000)
  eden space 242176K, 0% used [0x00000000e0000000,0x00000000e0000000,0x00000000eec80000)
  from space 24064K, 90% used [0x00000000f0700000,0x00000000f1c5ef88,0x00000000f1e80000)
  to   space 26112K, 0% used [0x00000000eec80000,0x00000000eec80000,0x00000000f0600000)
 ParOldGen       total 149504K, used 74125K [0x00000000a0000000, 0x00000000a9200000, 0x00000000e0000000)
  object space 149504K, 49% used [0x00000000a0000000,0x00000000a4863658,0x00000000a9200000)
 Metaspace       used 93947K, capacity 98222K, committed 98264K, reserved 1134592K
  class space    used 12128K, capacity 13042K, committed 13056K, reserved 1048576K
}
Event: 212.401 GC heap before
{Heap before GC invocations=26 (full 4):
 PSYoungGen      total 266240K, used 21883K [0x00000000e0000000, 0x00000000f1f80000, 0x0000000100000000)
  eden space 242176K, 0% used [0x00000000e0000000,0x00000000e0000000,0x00000000eec80000)
  from space 24064K, 90% used [0x00000000f0700000,0x00000000f1c5ef88,0x00000000f1e80000)
  to   space 26112K, 0% used [0x00000000eec80000,0x00000000eec80000,0x00000000f0600000)
 ParOldGen       total 149504K, used 74125K [0x00000000a0000000, 0x00000000a9200000, 0x00000000e0000000)
  object space 149504K, 49% used [0x00000000a0000000,0x00000000a4863658,0x00000000a9200000)
 Metaspace       used 93947K, capacity 98222K, committed 98264K, reserved 1134592K
  class space    used 12128K, capacity 13042K, committed 13056K, reserved 1048576K
Event: 213.414 GC heap after
Heap after GC invocations=26 (full 4):
 PSYoungGen      total 266240K, used 0K [0x00000000e0000000, 0x00000000f1f80000, 0x0000000100000000)
  eden space 242176K, 0% used [0x00000000e0000000,0x00000000e0000000,0x00000000eec80000)
  from space 24064K, 0% used [0x00000000f0700000,0x00000000f0700000,0x00000000f1e80000)
  to   space 26112K, 0% used [0x00000000eec80000,0x00000000eec80000,0x00000000f0600000)
 ParOldGen       total 235520K, used 78914K [0x00000000a0000000, 0x00000000ae600000, 0x00000000e0000000)
  object space 235520K, 33% used [0x00000000a0000000,0x00000000a4d108c0,0x00000000ae600000)
 Metaspace       used 93863K, capacity 97978K, committed 98264K, reserved 1134592K
  class space    used 12099K, capacity 12996K, committed 13056K, reserved 1048576K
}
Event: 215.463 GC heap before
{Heap before GC invocations=27 (full 4):
 PSYoungGen      total 266240K, used 242176K [0x00000000e0000000, 0x00000000f1f80000, 0x0000000100000000)
  eden space 242176K, 100% used [0x00000000e0000000,0x00000000eec80000,0x00000000eec80000)
  from space 24064K, 0% used [0x00000000f0700000,0x00000000f0700000,0x00000000f1e80000)
  to   space 26112K, 0% used [0x00000000eec80000,0x00000000eec80000,0x00000000f0600000)
 ParOldGen       total 235520K, used 78914K [0x00000000a0000000, 0x00000000ae600000, 0x00000000e0000000)
  object space 235520K, 33% used [0x00000000a0000000,0x00000000a4d108c0,0x00000000ae600000)
 Metaspace       used 100411K, capacity 105132K, committed 105432K, reserved 1140736K
  class space    used 12970K, capacity 13979K, committed 14080K, reserved 1048576K
Event: 215.533 GC heap after
Heap after GC invocations=27 (full 4):
 PSYoungGen      total 268288K, used 13088K [0x00000000e0000000, 0x00000000f3900000, 0x0000000100000000)
  eden space 242176K, 0% used [0x00000000e0000000,0x00000000e0000000,0x00000000eec80000)
  from space 26112K, 50% used [0x00000000eec80000,0x00000000ef948208,0x00000000f0600000)
  to   space 25088K, 0% used [0x00000000f2080000,0x00000000f2080000,0x00000000f3900000)
 ParOldGen       total 235520K, used 78922K [0x00000000a0000000, 0x00000000ae600000, 0x00000000e0000000)
  object space 235520K, 33% used [0x00000000a0000000,0x00000000a4d128c0,0x00000000ae600000)
 Metaspace       used 100411K, capacity 105132K, committed 105432K, reserved 1140736K
  class space    used 12970K, capacity 13979K, committed 14080K, reserved 1048576K
}
Event: 216.306 GC heap before
{Heap before GC invocations=28 (full 4):
 PSYoungGen      total 268288K, used 255264K [0x00000000e0000000, 0x00000000f3900000, 0x0000000100000000)
  eden space 242176K, 100% used [0x00000000e0000000,0x00000000eec80000,0x00000000eec80000)
  from space 26112K, 50% used [0x00000000eec80000,0x00000000ef948208,0x00000000f0600000)
  to   space 25088K, 0% used [0x00000000f2080000,0x00000000f2080000,0x00000000f3900000)
 ParOldGen       total 235520K, used 78922K [0x00000000a0000000, 0x00000000ae600000, 0x00000000e0000000)
  object space 235520K, 33% used [0x00000000a0000000,0x00000000a4d128c0,0x00000000ae600000)
 Metaspace       used 100766K, capacity 105682K, committed 105944K, reserved 1140736K
  class space    used 13023K, capacity 14058K, committed 14080K, reserved 1048576K
Event: 216.332 GC heap after
Heap after GC invocations=28 (full 4):
 PSYoungGen      total 295424K, used 9273K [0x00000000e0000000, 0x00000000f4300000, 0x0000000100000000)
  eden space 270336K, 0% used [0x00000000e0000000,0x00000000e0000000,0x00000000f0800000)
  from space 25088K, 36% used [0x00000000f2080000,0x00000000f298e5f0,0x00000000f3900000)
  to   space 25088K, 0% used [0x00000000f0800000,0x00000000f0800000,0x00000000f2080000)
 ParOldGen       total 235520K, used 78930K [0x00000000a0000000, 0x00000000ae600000, 0x00000000e0000000)
  object space 235520K, 33% used [0x00000000a0000000,0x00000000a4d148c0,0x00000000ae600000)
 Metaspace       used 100766K, capacity 105682K, committed 105944K, reserved 1140736K
  class space    used 13023K, capacity 14058K, committed 14080K, reserved 1048576K
}
Event: 218.168 GC heap before
{Heap before GC invocations=29 (full 4):
 PSYoungGen      total 295424K, used 279609K [0x00000000e0000000, 0x00000000f4300000, 0x0000000100000000)
  eden space 270336K, 100% used [0x00000000e0000000,0x00000000f0800000,0x00000000f0800000)
  from space 25088K, 36% used [0x00000000f2080000,0x00000000f298e5f0,0x00000000f3900000)
  to   space 25088K, 0% used [0x00000000f0800000,0x00000000f0800000,0x00000000f2080000)
 ParOldGen       total 235520K, used 78930K [0x00000000a0000000, 0x00000000ae600000, 0x00000000e0000000)
  object space 235520K, 33% used [0x00000000a0000000,0x00000000a4d148c0,0x00000000ae600000)
 Metaspace       used 101409K, capacity 106402K, committed 106456K, reserved 1142784K
  class space    used 13026K, capacity 14058K, committed 14080K, reserved 1048576K
Event: 218.185 GC heap after
Heap after GC invocations=29 (full 4):
 PSYoungGen      total 295424K, used 7596K [0x00000000e0000000, 0x00000000f5500000, 0x0000000100000000)
  eden space 270336K, 0% used [0x00000000e0000000,0x00000000e0000000,0x00000000f0800000)
  from space 25088K, 30% used [0x00000000f0800000,0x00000000f0f6b2b0,0x00000000f2080000)
  to   space 24576K, 0% used [0x00000000f3d00000,0x00000000f3d00000,0x00000000f5500000)
 ParOldGen       total 235520K, used 78938K [0x00000000a0000000, 0x00000000ae600000, 0x00000000e0000000)
  object space 235520K, 33% used [0x00000000a0000000,0x00000000a4d168c0,0x00000000ae600000)
 Metaspace       used 101409K, capacity 106402K, committed 106456K, reserved 1142784K
  class space    used 13026K, capacity 14058K, committed 14080K, reserved 1048576K
}

Deoptimization events (10 events):
Event: 217.063 Thread 0x000000001dc12000 Uncommon trap: reason=array_check action=maybe_recompile pc=0x00000000059d9db0 method=java.util.TimSort.reverseRange([Ljava/lang/Object;II)V @ 20
Event: 217.066 Thread 0x000000001dc12000 Uncommon trap: reason=array_check action=maybe_recompile pc=0x00000000059d9db0 method=java.util.TimSort.reverseRange([Ljava/lang/Object;II)V @ 20
Event: 217.069 Thread 0x000000001dc12000 Uncommon trap: reason=array_check action=maybe_recompile pc=0x00000000059d9db0 method=java.util.TimSort.reverseRange([Ljava/lang/Object;II)V @ 20
Event: 217.069 Thread 0x000000001dc12000 Uncommon trap: reason=array_check action=maybe_recompile pc=0x00000000059d9db0 method=java.util.TimSort.reverseRange([Ljava/lang/Object;II)V @ 20
Event: 217.452 Thread 0x000000001eacf000 Uncommon trap: reason=unstable_if action=reinterpret pc=0x0000000005a06230 method=com.android.tools.r8.ir.regalloc.LinearScanRegisterAllocator.isLocalLiveAtInstruction(Lcom/android/tools/r8/ir/code/Instruction;IILcom/android/tools/r8/ir/code/Value;)Z @ 43
Event: 217.539 Thread 0x000000001dc18800 Uncommon trap: reason=range_check action=make_not_entrant pc=0x0000000005b1185c method=com.android.tools.r8.org.objectweb.asm.Type.getType([CI)Lcom/android/tools/r8/org/objectweb/asm/Type; @ 2
Event: 217.654 Thread 0x000000001eacb800 Uncommon trap: reason=array_check action=maybe_recompile pc=0x0000000005b4af64 method=java.util.TimSort.reverseRange([Ljava/lang/Object;II)V @ 27
Event: 217.654 Thread 0x000000001eacb800 Uncommon trap: reason=array_check action=maybe_recompile pc=0x0000000005b4af64 method=java.util.TimSort.reverseRange([Ljava/lang/Object;II)V @ 27
Event: 217.825 Thread 0x000000001eacc000 Uncommon trap: reason=unstable_if action=reinterpret pc=0x0000000004cc71ac method=java.util.concurrent.ConcurrentHashMap.transfer([Ljava/util/concurrent/ConcurrentHashMap$Node;[Ljava/util/concurrent/ConcurrentHashMap$Node;)V @ 175
Event: 218.134 Thread 0x000000001eaca000 Uncommon trap: reason=unstable_if action=reinterpret pc=0x0000000004c998a8 method=java.util.concurrent.ConcurrentHashMap.computeIfAbsent(Ljava/lang/Object;Ljava/util/function/Function;)Ljava/lang/Object; @ 104

Classes redefined (0 events):
No events

Internal exceptions (10 events):
Event: 213.536 Thread 0x000000001dc0e000 Exception <a 'sun/nio/fs/WindowsException'> (0x00000000e08918b0) thrown at [D:\src\AOSP-openjdk-cygwin\jdk8u\hotspot\src\share\vm\prims\jni.cpp, line 709]
Event: 213.537 Thread 0x000000001dc0e000 Exception <a 'sun/nio/fs/WindowsException'> (0x00000000e08923d8) thrown at [D:\src\AOSP-openjdk-cygwin\jdk8u\hotspot\src\share\vm\prims\jni.cpp, line 709]
Event: 213.537 Thread 0x000000001dc0e000 Exception <a 'sun/nio/fs/WindowsException'> (0x00000000e0893928) thrown at [D:\src\AOSP-openjdk-cygwin\jdk8u\hotspot\src\share\vm\prims\jni.cpp, line 709]
Event: 213.572 Thread 0x000000001dc0e000 Exception <a 'sun/nio/fs/WindowsException'> (0x00000000e0c11fa0) thrown at [D:\src\AOSP-openjdk-cygwin\jdk8u\hotspot\src\share\vm\prims\jni.cpp, line 709]
Event: 213.572 Thread 0x000000001dc0e000 Exception <a 'sun/nio/fs/WindowsException'> (0x00000000e0c12ac8) thrown at [D:\src\AOSP-openjdk-cygwin\jdk8u\hotspot\src\share\vm\prims\jni.cpp, line 709]
Event: 213.572 Thread 0x000000001dc0e000 Exception <a 'sun/nio/fs/WindowsException'> (0x00000000e0c14018) thrown at [D:\src\AOSP-openjdk-cygwin\jdk8u\hotspot\src\share\vm\prims\jni.cpp, line 709]
Event: 213.652 Thread 0x000000001dc0e000 Exception <a 'sun/nio/fs/WindowsException'> (0x00000000e0c41e78) thrown at [D:\src\AOSP-openjdk-cygwin\jdk8u\hotspot\src\share\vm\prims\jni.cpp, line 709]
Event: 213.652 Thread 0x000000001dc0e000 Exception <a 'sun/nio/fs/WindowsException'> (0x00000000e0c429a0) thrown at [D:\src\AOSP-openjdk-cygwin\jdk8u\hotspot\src\share\vm\prims\jni.cpp, line 709]
Event: 213.652 Thread 0x000000001dc0e000 Exception <a 'sun/nio/fs/WindowsException'> (0x00000000e0c43ef0) thrown at [D:\src\AOSP-openjdk-cygwin\jdk8u\hotspot\src\share\vm\prims\jni.cpp, line 709]
Event: 214.290 Thread 0x000000001eaca000 Implicit null exception at 0x0000000005590c1c to 0x0000000005590c71

Events (10 events):
Event: 218.247 Thread 0x00000000187d6800 flushing nmethod 0x00000000058e81d0
Event: 218.247 Thread 0x00000000187d6800 flushing nmethod 0x00000000058f4390
Event: 218.247 Thread 0x00000000187d6800 flushing nmethod 0x00000000058f5490
Event: 218.247 Thread 0x00000000187d6800 flushing nmethod 0x00000000058f6350
Event: 218.253 Thread 0x000000001eaca000 DEOPT PACKING pc=0x00000000056de1a8 sp=0x0000000035c3e7e0
Event: 218.253 Thread 0x000000001eaca000 DEOPT UNPACKING pc=0x0000000002ac75d0 sp=0x0000000035c3e538 mode 0
Event: 218.264 Thread 0x000000001eacb800 DEOPT PACKING pc=0x0000000003656164 sp=0x0000000035a3e4a0
Event: 218.264 Thread 0x000000001eacb800 DEOPT UNPACKING pc=0x0000000002ac75d0 sp=0x0000000035a3e1f8 mode 0
Event: 218.305 Thread 0x000000001eacd000 DEOPT PACKING pc=0x00000000059694e0 sp=0x0000000035d3e8a0
Event: 218.305 Thread 0x000000001eacd000 DEOPT UNPACKING pc=0x0000000002ac75d0 sp=0x0000000035d3e618 mode 0


Dynamic libraries:
0x00007ff628400000 - 0x00007ff628431000 	C:\Users\M\Downloads\android-studio\jre\bin\java.exe
0x00007ffc855c0000 - 0x00007ffc857a1000 	C:\WINDOWS\SYSTEM32\ntdll.dll
0x00007ffc85410000 - 0x00007ffc854c2000 	C:\WINDOWS\System32\KERNEL32.DLL
0x00007ffc822c0000 - 0x00007ffc82533000 	C:\WINDOWS\System32\KERNELBASE.dll
0x00007ffc84730000 - 0x00007ffc847d1000 	C:\WINDOWS\System32\ADVAPI32.dll
0x00007ffc84bb0000 - 0x00007ffc84c4e000 	C:\WINDOWS\System32\msvcrt.dll
0x00007ffc84df0000 - 0x00007ffc84e4b000 	C:\WINDOWS\System32\sechost.dll
0x00007ffc84050000 - 0x00007ffc84174000 	C:\WINDOWS\System32\RPCRT4.dll
0x00007ffc84fd0000 - 0x00007ffc85160000 	C:\WINDOWS\System32\USER32.dll
0x00007ffc82840000 - 0x00007ffc82860000 	C:\WINDOWS\System32\win32u.dll
0x00007ffc84840000 - 0x00007ffc84868000 	C:\WINDOWS\System32\GDI32.dll
0x00007ffc82540000 - 0x00007ffc826d2000 	C:\WINDOWS\System32\gdi32full.dll
0x00007ffc81ac0000 - 0x00007ffc81b5f000 	C:\WINDOWS\System32\msvcp_win.dll
0x00007ffc826e0000 - 0x00007ffc827da000 	C:\WINDOWS\System32\ucrtbase.dll
0x00007ffc78d40000 - 0x00007ffc78fa9000 	C:\WINDOWS\WinSxS\amd64_microsoft.windows.common-controls_6595b64144ccf1df_6.0.17134.472_none_fb3f9af53068156d\COMCTL32.dll
0x00007ffc84880000 - 0x00007ffc84ba2000 	C:\WINDOWS\System32\combase.dll
0x00007ffc81a40000 - 0x00007ffc81aba000 	C:\WINDOWS\System32\bcryptPrimitives.dll
0x00007ffc853e0000 - 0x00007ffc8540d000 	C:\WINDOWS\System32\IMM32.DLL
0x000000005afb0000 - 0x000000005b082000 	C:\Users\M\Downloads\android-studio\jre\jre\bin\msvcr100.dll
0x0000000059f50000 - 0x000000005a78f000 	C:\Users\M\Downloads\android-studio\jre\jre\bin\server\jvm.dll
0x00007ffc85220000 - 0x00007ffc85228000 	C:\WINDOWS\System32\PSAPI.DLL
0x00007ffc70480000 - 0x00007ffc70489000 	C:\WINDOWS\SYSTEM32\WSOCK32.dll
0x00007ffc7e390000 - 0x00007ffc7e3b3000 	C:\WINDOWS\SYSTEM32\WINMM.dll
0x00007ffc74710000 - 0x00007ffc7471a000 	C:\WINDOWS\SYSTEM32\VERSION.dll
0x00007ffc84270000 - 0x00007ffc842dc000 	C:\WINDOWS\System32\WS2_32.dll
0x00007ffc7e360000 - 0x00007ffc7e38a000 	C:\WINDOWS\SYSTEM32\WINMMBASE.dll
0x00007ffc82270000 - 0x00007ffc822b9000 	C:\WINDOWS\System32\cfgmgr32.dll
0x00007ffc79400000 - 0x00007ffc7940f000 	C:\Users\M\Downloads\android-studio\jre\jre\bin\verify.dll
0x00007ffc78ff0000 - 0x00007ffc79019000 	C:\Users\M\Downloads\android-studio\jre\jre\bin\java.dll
0x00007ffc682f0000 - 0x00007ffc68306000 	C:\Users\M\Downloads\android-studio\jre\jre\bin\zip.dll
0x00007ffc82c10000 - 0x00007ffc84050000 	C:\WINDOWS\System32\SHELL32.dll
0x00007ffc85160000 - 0x00007ffc85209000 	C:\WINDOWS\System32\shcore.dll
0x00007ffc81b60000 - 0x00007ffc8226d000 	C:\WINDOWS\System32\windows.storage.dll
0x00007ffc82bb0000 - 0x00007ffc82c01000 	C:\WINDOWS\System32\shlwapi.dll
0x00007ffc81920000 - 0x00007ffc81931000 	C:\WINDOWS\System32\kernel.appcore.dll
0x00007ffc81960000 - 0x00007ffc8197f000 	C:\WINDOWS\System32\profapi.dll
0x00007ffc818d0000 - 0x00007ffc8191c000 	C:\WINDOWS\System32\powrprof.dll
0x00007ffc81980000 - 0x00007ffc8198a000 	C:\WINDOWS\System32\FLTLIB.DLL
0x00007ffc7ca40000 - 0x00007ffc7ca5a000 	C:\Users\M\Downloads\android-studio\jre\jre\bin\net.dll
0x00007ffc810f0000 - 0x00007ffc81156000 	C:\WINDOWS\system32\mswsock.dll
0x00007ffc7ca20000 - 0x00007ffc7ca31000 	C:\Users\M\Downloads\android-studio\jre\jre\bin\nio.dll
0x00007ffc5f9b0000 - 0x00007ffc5f9ce000 	C:\Users\M\.gradle\native\25\windows-amd64\native-platform.dll
0x00007ffc793f0000 - 0x00007ffc793fd000 	C:\Users\M\Downloads\android-studio\jre\jre\bin\management.dll
0x00007ffc812a0000 - 0x00007ffc812b7000 	C:\WINDOWS\SYSTEM32\CRYPTSP.dll
0x00007ffc80cd0000 - 0x00007ffc80d03000 	C:\WINDOWS\system32\rsaenh.dll
0x00007ffc813c0000 - 0x00007ffc813e5000 	C:\WINDOWS\SYSTEM32\bcrypt.dll
0x00007ffc81800000 - 0x00007ffc81828000 	C:\WINDOWS\SYSTEM32\USERENV.dll
0x00007ffc81700000 - 0x00007ffc8170b000 	C:\WINDOWS\SYSTEM32\CRYPTBASE.dll
0x00007ffc80e70000 - 0x00007ffc80ea8000 	C:\WINDOWS\SYSTEM32\IPHLPAPI.DLL
0x00007ffc84870000 - 0x00007ffc84878000 	C:\WINDOWS\System32\NSI.dll
0x00007ffc78840000 - 0x00007ffc78856000 	C:\WINDOWS\SYSTEM32\dhcpcsvc6.DLL
0x00007ffc78150000 - 0x00007ffc7816a000 	C:\WINDOWS\SYSTEM32\dhcpcsvc.DLL
0x00007ffc5b160000 - 0x00007ffc5b2f6000 	C:\Users\M\Downloads\android-studio\jre\jre\bin\awt.dll
0x00007ffc85230000 - 0x00007ffc852f2000 	C:\WINDOWS\System32\OLEAUT32.dll
0x00007ffc7dbf0000 - 0x00007ffc7e1b7000 	C:\WINDOWS\SYSTEM32\d2d1.dll
0x00007ffc7ef20000 - 0x00007ffc7efab000 	C:\WINDOWS\SYSTEM32\apphelp.dll
0x00007ffc7fd70000 - 0x00007ffc7fd99000 	C:\WINDOWS\system32\DWMAPI.DLL
0x00007ffc7fb20000 - 0x00007ffc7fbb8000 	C:\WINDOWS\system32\uxtheme.dll

VM Arguments:
jvm_args: -Xmx1536m -Dfile.encoding=x-windows-949 -Duser.country=KR -Duser.language=ko -Duser.variant 
java_command: org.gradle.launcher.daemon.bootstrap.GradleDaemon 4.4
java_class_path (initial): C:\Users\M\.gradle\wrapper\dists\gradle-4.4-all\9br9xq1tocpiv8o6njlyu5op1\gradle-4.4\lib\gradle-launcher-4.4.jar
Launcher Type: SUN_STANDARD

Environment Variables:
JAVA_HOME=C:\Program Files\Java\jdk-9.0.4
PATH=C:\Program Files (x86)\Common Files\Oracle\Java\javapath;C:\ProgramData\Oracle\Java\javapath;C:\Program Files (x86)\Intel\Intel(R) Management Engine Components\iCLS\;C:\WINDOWS\system32;C:\WINDOWS;C:\WINDOWS\System32\Wbem;C:\WINDOWS\System32\WindowsPowerShell\v1.0\;C:\Program Files\Git\cmd;C:\Program Files\dotnet\;C:\WINDOWS\system32\config\systemprofile\.dnx\bin;C:\Program Files\Microsoft DNX\Dnvm\;C:\Program Files\Microsoft SQL Server\130\Tools\Binn\;C:\WINDOWS\System32\OpenSSH\;C:\Program Files\PuTTY\;C:\Program Files\Intel\WiFi\bin\;C:\Program Files\Common Files\Intel\WirelessCommon\;C:\Users\M\AppData\Local\Programs\Python\Python35\Scripts\;C:\Users\M\AppData\Local\Programs\Python\Python35\;C:\Users\M\AppData\Local\Programs\Python\Python36\Scripts\;C:\Users\M\AppData\Local\Programs\Python\Python36\;C:\Users\M\AppData\Local\atom\bin;%USERPROFILE%\AppData\Local\Microsoft\WindowsApps;
USERNAME=M
OS=Windows_NT
PROCESSOR_IDENTIFIER=Intel64 Family 6 Model 94 Stepping 3, GenuineIntel



---------------  S Y S T E M  ---------------

OS: Windows 10.0 , 64 bit Build 17134 (10.0.17134.1)

CPU:total 8 (initial active 8) (4 cores per cpu, 2 threads per core) family 6 model 94 stepping 3, cmov, cx8, fxsr, mmx, sse, sse2, sse3, ssse3, sse4.1, sse4.2, popcnt, avx, avx2, aes, clmul, erms, rtm, 3dnowpref, lzcnt, ht, tsc, tscinvbit, bmi1, bmi2, adx

Memory: 4k page, physical 8306800k(381040k free), swap 12402800k(8296k free)

vm_info: OpenJDK 64-Bit Server VM (25.152-b02) for windows-amd64 JRE (1.8.0_152-release-1024-b02), built by "builder" with MS VC++ 10.0 (VS2010)

time: Thu Jan 03 20:09:39 2019
elapsed time: 218 seconds (0d 0h 3m 38s)

